# JRE version: Java(TM) SE Runtime Environment (21.0.2+13) (build 21.0.2+13-LTS-58)
# Java VM: Java HotSpot(TM) 64-Bit Server VM (21.0.2+13-LTS-58, mixed mode, sharing, tiered, compressed oops, compressed class ptrs, g1 gc, windows-amd64)
GC Precious Log:
 CardTable entry size: 512
 Card Set container configuration: InlinePtr #cards 4 size 8 Array Of Cards #cards 32 size 80 Howl #buckets 8 coarsen threshold 7372 Howl Bitmap #cards 1024 size 144 coarsen threshold 921 Card regions per heap region 1 cards per card region 8192
 CPUs: 8 total, 8 available
 Memory: 32599M
 Large Page Support: Disabled
 NUMA Support: Disabled
 Compressed Oops: Enabled (Zero based)
 Heap Region Size: 4M
 Heap Min Capacity: 8M
 Heap Initial Capacity: 512M
 Heap Max Capacity: 8152M
 Pre-touch: Disabled
 Parallel Workers: 8
 Concurrent Workers: 2
 Concurrent Refinement Workers: 8
 Periodic GC: Disabled
Heap:
 garbage-first heap   total 69632K, used 32086K [0x0000000602800000, 0x0000000800000000)
  region size 4096K, 7 young (28672K), 2 survivors (8192K)
 Metaspace       used 27956K, committed 28288K, reserved 1114112K
  class space    used 3854K, committed 4032K, reserved 1048576K
GC Heap History (8 events):
Event: 0.494 GC heap before
{Heap before GC invocations=0 (full 0):
 garbage-first heap   total 524288K, used 24576K [0x0000000602800000, 0x0000000800000000)
  region size 4096K, 6 young (24576K), 0 survivors (0K)
 Metaspace       used 3641K, committed 3776K, reserved 1114112K
  class space    used 377K, committed 448K, reserved 1048576K
}
Event: 0.496 GC heap after
{Heap after GC invocations=1 (full 0):
 garbage-first heap   total 524288K, used 2221K [0x0000000602800000, 0x0000000800000000)
  region size 4096K, 1 young (4096K), 1 survivors (4096K)
 Metaspace       used 3641K, committed 3776K, reserved 1114112K
  class space    used 377K, committed 448K, reserved 1048576K
}
Event: 1.794 GC heap before
{Heap before GC invocations=1 (full 0):
 garbage-first heap   total 524288K, used 47277K [0x0000000602800000, 0x0000000800000000)
  region size 4096K, 13 young (53248K), 1 survivors (4096K)
 Metaspace       used 14453K, committed 14784K, reserved 1114112K
  class space    used 2021K, committed 2176K, reserved 1048576K
}
Event: 1.798 GC heap after
{Heap after GC invocations=2 (full 0):
 garbage-first heap   total 524288K, used 9308K [0x0000000602800000, 0x0000000800000000)
  region size 4096K, 2 young (8192K), 2 survivors (8192K)
 Metaspace       used 14453K, committed 14784K, reserved 1114112K
  class space    used 2021K, committed 2176K, reserved 1048576K
}
Event: 7.244 GC heap before
{Heap before GC invocations=2 (full 0):
 garbage-first heap   total 524288K, used 25692K [0x0000000602800000, 0x0000000800000000)
  region size 4096K, 7 young (28672K), 2 survivors (8192K)
 Metaspace       used 21132K, committed 21504K, reserved 1114112K
  class space    used 2904K, committed 3072K, reserved 1048576K
}
Event: 7.247 GC heap after
{Heap after GC invocations=3 (full 0):
 garbage-first heap   total 524288K, used 11347K [0x0000000602800000, 0x0000000800000000)
  region size 4096K, 3 young (12288K), 3 survivors (12288K)
 Metaspace       used 21132K, committed 21504K, reserved 1114112K
  class space    used 2904K, committed 3072K, reserved 1048576K
}
Event: 9.827 GC heap before
{Heap before GC invocations=4 (full 0):
 garbage-first heap   total 69632K, used 40019K [0x0000000602800000, 0x0000000800000000)
  region size 4096K, 10 young (40960K), 3 survivors (12288K)
 Metaspace       used 26838K, committed 27264K, reserved 1114112K
  class space    used 3694K, committed 3904K, reserved 1048576K
}
Event: 9.832 GC heap after
{Heap after GC invocations=5 (full 0):
 garbage-first heap   total 69632K, used 15702K [0x0000000602800000, 0x0000000800000000)
  region size 4096K, 2 young (8192K), 2 survivors (8192K)
 Metaspace       used 26838K, committed 27264K, reserved 1114112K
  class space    used 3694K, committed 3904K, reserved 1048576K
}

