# JRE version: Java(TM) SE Runtime Environment (21.0.2+13) (build 21.0.2+13-LTS-58)
# Java VM: Java HotSpot(TM) 64-Bit Server VM (21.0.2+13-LTS-58, mixed mode, sharing, tiered, compressed oops, compressed class ptrs, g1 gc, windows-amd64)
GC Precious Log:
 CardTable entry size: 512
 Card Set container configuration: InlinePtr #cards 4 size 8 Array Of Cards #cards 32 size 80 Howl #buckets 8 coarsen threshold 7372 Howl Bitmap #cards 1024 size 144 coarsen threshold 921 Card regions per heap region 1 cards per card region 8192
 CPUs: 8 total, 8 available
 Memory: 32599M
 Large Page Support: Disabled
 NUMA Support: Disabled
 Compressed Oops: Enabled (Zero based)
 Heap Region Size: 4M
 Heap Min Capacity: 8M
 Heap Initial Capacity: 512M
 Heap Max Capacity: 8152M
 Pre-touch: Disabled
 Parallel Workers: 8
 Concurrent Workers: 2
 Concurrent Refinement Workers: 8
 Periodic GC: Disabled
Heap:
 garbage-first heap   total 69632K, used 23806K [0x0000000602800000, 0x0000000800000000)
  region size 4096K, 5 young (20480K), 2 survivors (8192K)
 Metaspace       used 27668K, committed 28096K, reserved 1114112K
  class space    used 3829K, committed 4032K, reserved 1048576K
GC Heap History (8 events):
Event: 0.479 GC heap before
{Heap before GC invocations=0 (full 0):
 garbage-first heap   total 524288K, used 24576K [0x0000000602800000, 0x0000000800000000)
  region size 4096K, 6 young (24576K), 0 survivors (0K)
 Metaspace       used 3656K, committed 3840K, reserved 1114112K
  class space    used 377K, committed 448K, reserved 1048576K
}
Event: 0.481 GC heap after
{Heap after GC invocations=1 (full 0):
 garbage-first heap   total 524288K, used 2280K [0x0000000602800000, 0x0000000800000000)
  region size 4096K, 1 young (4096K), 1 survivors (4096K)
 Metaspace       used 3656K, committed 3840K, reserved 1114112K
  class space    used 377K, committed 448K, reserved 1048576K
}
Event: 2.569 GC heap before
{Heap before GC invocations=1 (full 0):
 garbage-first heap   total 524288K, used 47336K [0x0000000602800000, 0x0000000800000000)
  region size 4096K, 13 young (53248K), 1 survivors (4096K)
 Metaspace       used 14458K, committed 14784K, reserved 1114112K
  class space    used 2017K, committed 2176K, reserved 1048576K
}
Event: 2.573 GC heap after
{Heap after GC invocations=2 (full 0):
 garbage-first heap   total 524288K, used 9494K [0x0000000602800000, 0x0000000800000000)
  region size 4096K, 2 young (8192K), 2 survivors (8192K)
 Metaspace       used 14458K, committed 14784K, reserved 1114112K
  class space    used 2017K, committed 2176K, reserved 1048576K
}
Event: 13.859 GC heap before
{Heap before GC invocations=2 (full 0):
 garbage-first heap   total 524288K, used 25878K [0x0000000602800000, 0x0000000800000000)
  region size 4096K, 7 young (28672K), 2 survivors (8192K)
 Metaspace       used 21133K, committed 21504K, reserved 1114112K
  class space    used 2886K, committed 3072K, reserved 1048576K
}
Event: 13.863 GC heap after
{Heap after GC invocations=3 (full 0):
 garbage-first heap   total 524288K, used 11222K [0x0000000602800000, 0x0000000800000000)
  region size 4096K, 3 young (12288K), 3 survivors (12288K)
 Metaspace       used 21133K, committed 21504K, reserved 1114112K
  class space    used 2886K, committed 3072K, reserved 1048576K
}
Event: 15.693 GC heap before
{Heap before GC invocations=4 (full 0):
 garbage-first heap   total 69632K, used 39894K [0x0000000602800000, 0x0000000800000000)
  region size 4096K, 10 young (40960K), 3 survivors (12288K)
 Metaspace       used 26959K, committed 27328K, reserved 1114112K
  class space    used 3701K, committed 3840K, reserved 1048576K
}
Event: 15.699 GC heap after
{Heap after GC invocations=5 (full 0):
 garbage-first heap   total 69632K, used 15614K [0x0000000602800000, 0x0000000800000000)
  region size 4096K, 2 young (8192K), 2 survivors (8192K)
 Metaspace       used 26959K, committed 27328K, reserved 1114112K
  class space    used 3701K, committed 3840K, reserved 1048576K
}

